-------------------------------------------------------------------------------
Test set: com.example.AnswersApplicationTests
-------------------------------------------------------------------------------
Tests run: 1, Failures: 0, Errors: 1, Skipped: 0, Time elapsed: 0.462 s <<< FAILURE! - in com.example.AnswersApplicationTests
com.example.AnswersApplicationTests  Time elapsed: 0.46 s  <<< ERROR!
java.lang.IllegalStateException: Unable to find a @SpringBootConfiguration, you need to use @ContextConfiguration or @SpringBootTest(classes=...) with your test

